<?xml version="1.0" encoding="UTF-8"?>
<testng-results skipped="0" failed="2" ignored="0" total="3" passed="1">
  <reporter-output>
    <line>
      <![CDATA[openBrower]]>
    </line>
    <line>
      <![CDATA[login]]>
    </line>
    <line>
      <![CDATA[createCustomer]]>
    </line>
    <line>
      <![CDATA[logout]]>
    </line>
    <line>
      <![CDATA[login]]>
    </line>
    <line>
      <![CDATA[deleteCustomer]]>
    </line>
    <line>
      <![CDATA[logout]]>
    </line>
    <line>
      <![CDATA[login]]>
    </line>
    <line>
      <![CDATA[modifyCustomer]]>
    </line>
    <line>
      <![CDATA[logout]]>
    </line>
    <line>
      <![CDATA[closeBrower]]>
    </line>
  </reporter-output>
  <suite name="Suite" duration-ms="93130" started-at="2023-03-07T22:00:25 PST" finished-at="2023-03-07T22:01:58 PST">
    <groups>
    </groups>
    <test name="Test" duration-ms="93130" started-at="2023-03-07T22:00:25 PST" finished-at="2023-03-07T22:01:58 PST">
      <class name="com.actitime.testScript1.com.CustomerModule">
        <test-method status="PASS" signature="openBrower()[pri:0, instance:com.actitime.testScript1.com.CustomerModule@44c8afef]" name="openBrower" is-config="true" duration-ms="51706" started-at="2023-03-07T22:00:25 PST" finished-at="2023-03-07T22:01:17 PST">
          <reporter-output>
            <line>
              <![CDATA[openBrower]]>
            </line>
          </reporter-output>
        </test-method> <!-- openBrower -->
        <test-method status="PASS" signature="login()[pri:0, instance:com.actitime.testScript1.com.CustomerModule@44c8afef]" name="login" is-config="true" duration-ms="1467" started-at="2023-03-07T22:01:17 PST" finished-at="2023-03-07T22:01:18 PST">
          <reporter-output>
            <line>
              <![CDATA[login]]>
            </line>
          </reporter-output>
        </test-method> <!-- login -->
        <test-method status="FAIL" signature="createCustomer()[pri:0, instance:com.actitime.testScript1.com.CustomerModule@44c8afef]" name="createCustomer" duration-ms="15" started-at="2023-03-07T22:01:18 PST" finished-at="2023-03-07T22:01:18 PST">
          <exception class="java.lang.ArithmeticException">
            <message>
              <![CDATA[/ by zero]]>
            </message>
            <full-stacktrace>
              <![CDATA[java.lang.ArithmeticException: / by zero
at com.actitime.testScript1.com.CustomerModule.createCustomer(CustomerModule.java:25)
at sun.reflect.NativeMethodAccessorImpl.invoke0(Native Method)
at sun.reflect.NativeMethodAccessorImpl.invoke(Unknown Source)
at sun.reflect.DelegatingMethodAccessorImpl.invoke(Unknown Source)
at java.lang.reflect.Method.invoke(Unknown Source)
at org.testng.internal.MethodInvocationHelper.invokeMethod(MethodInvocationHelper.java:133)
at org.testng.internal.TestInvoker.invokeMethod(TestInvoker.java:598)
at org.testng.internal.TestInvoker.invokeTestMethod(TestInvoker.java:173)
at org.testng.internal.MethodRunner.runInSequence(MethodRunner.java:46)
at org.testng.internal.TestInvoker$MethodInvocationAgent.invoke(TestInvoker.java:824)
at org.testng.internal.TestInvoker.invokeTestMethods(TestInvoker.java:146)
at org.testng.internal.TestMethodWorker.invokeTestMethods(TestMethodWorker.java:146)
at org.testng.internal.TestMethodWorker.run(TestMethodWorker.java:128)
at java.util.ArrayList.forEach(Unknown Source)
at org.testng.TestRunner.privateRun(TestRunner.java:794)
at org.testng.TestRunner.run(TestRunner.java:596)
at org.testng.SuiteRunner.runTest(SuiteRunner.java:377)
at org.testng.SuiteRunner.runSequentially(SuiteRunner.java:371)
at org.testng.SuiteRunner.privateRun(SuiteRunner.java:332)
at org.testng.SuiteRunner.run(SuiteRunner.java:276)
at org.testng.SuiteRunnerWorker.runSuite(SuiteRunnerWorker.java:53)
at org.testng.SuiteRunnerWorker.run(SuiteRunnerWorker.java:96)
at org.testng.TestNG.runSuitesSequentially(TestNG.java:1212)
at org.testng.TestNG.runSuitesLocally(TestNG.java:1134)
at org.testng.TestNG.runSuites(TestNG.java:1063)
at org.testng.TestNG.run(TestNG.java:1031)
at org.testng.remote.AbstractRemoteTestNG.run(AbstractRemoteTestNG.java:115)
at org.testng.remote.RemoteTestNG.initAndRun(RemoteTestNG.java:251)
at org.testng.remote.RemoteTestNG.main(RemoteTestNG.java:77)
]]>
            </full-stacktrace>
          </exception> <!-- java.lang.ArithmeticException -->
          <reporter-output>
            <line>
              <![CDATA[createCustomer]]>
            </line>
          </reporter-output>
        </test-method> <!-- createCustomer -->
        <test-method status="PASS" signature="logout()[pri:0, instance:com.actitime.testScript1.com.CustomerModule@44c8afef]" name="logout" is-config="true" duration-ms="17699" started-at="2023-03-07T22:01:19 PST" finished-at="2023-03-07T22:01:36 PST">
          <reporter-output>
            <line>
              <![CDATA[logout]]>
            </line>
          </reporter-output>
        </test-method> <!-- logout -->
        <test-method status="PASS" signature="login()[pri:0, instance:com.actitime.testScript1.com.CustomerModule@44c8afef]" name="login" is-config="true" duration-ms="1039" started-at="2023-03-07T22:01:36 PST" finished-at="2023-03-07T22:01:37 PST">
          <reporter-output>
            <line>
              <![CDATA[login]]>
            </line>
          </reporter-output>
        </test-method> <!-- login -->
        <test-method status="PASS" signature="deleteCustomer()[pri:0, instance:com.actitime.testScript1.com.CustomerModule@44c8afef]" name="deleteCustomer" duration-ms="9" started-at="2023-03-07T22:01:37 PST" finished-at="2023-03-07T22:01:37 PST">
          <reporter-output>
            <line>
              <![CDATA[deleteCustomer]]>
            </line>
          </reporter-output>
        </test-method> <!-- deleteCustomer -->
        <test-method status="PASS" signature="logout()[pri:0, instance:com.actitime.testScript1.com.CustomerModule@44c8afef]" name="logout" is-config="true" duration-ms="9782" started-at="2023-03-07T22:01:37 PST" finished-at="2023-03-07T22:01:47 PST">
          <reporter-output>
            <line>
              <![CDATA[logout]]>
            </line>
          </reporter-output>
        </test-method> <!-- logout -->
        <test-method status="PASS" signature="login()[pri:0, instance:com.actitime.testScript1.com.CustomerModule@44c8afef]" name="login" is-config="true" duration-ms="1512" started-at="2023-03-07T22:01:47 PST" finished-at="2023-03-07T22:01:49 PST">
          <reporter-output>
            <line>
              <![CDATA[login]]>
            </line>
          </reporter-output>
        </test-method> <!-- login -->
        <test-method status="FAIL" signature="modifyCustomer()[pri:0, instance:com.actitime.testScript1.com.CustomerModule@44c8afef]" name="modifyCustomer" duration-ms="3023" started-at="2023-03-07T22:01:49 PST" finished-at="2023-03-07T22:01:52 PST">
          <exception class="java.lang.AssertionError">
            <message>
              <![CDATA[null]]>
            </message>
            <full-stacktrace>
              <![CDATA[java.lang.AssertionError: null
at org.testng.Assert.fail(Assert.java:99)
at org.testng.Assert.fail(Assert.java:106)
at com.actitime.testScript1.com.CustomerModule.modifyCustomer(CustomerModule.java:33)
at sun.reflect.NativeMethodAccessorImpl.invoke0(Native Method)
at sun.reflect.NativeMethodAccessorImpl.invoke(Unknown Source)
at sun.reflect.DelegatingMethodAccessorImpl.invoke(Unknown Source)
at java.lang.reflect.Method.invoke(Unknown Source)
at org.testng.internal.MethodInvocationHelper.invokeMethod(MethodInvocationHelper.java:133)
at org.testng.internal.TestInvoker.invokeMethod(TestInvoker.java:598)
at org.testng.internal.TestInvoker.invokeTestMethod(TestInvoker.java:173)
at org.testng.internal.MethodRunner.runInSequence(MethodRunner.java:46)
at org.testng.internal.TestInvoker$MethodInvocationAgent.invoke(TestInvoker.java:824)
at org.testng.internal.TestInvoker.invokeTestMethods(TestInvoker.java:146)
at org.testng.internal.TestMethodWorker.invokeTestMethods(TestMethodWorker.java:146)
at org.testng.internal.TestMethodWorker.run(TestMethodWorker.java:128)
at java.util.ArrayList.forEach(Unknown Source)
at org.testng.TestRunner.privateRun(TestRunner.java:794)
at org.testng.TestRunner.run(TestRunner.java:596)
at org.testng.SuiteRunner.runTest(SuiteRunner.java:377)
at org.testng.SuiteRunner.runSequentially(SuiteRunner.java:371)
at org.testng.SuiteRunner.privateRun(SuiteRunner.java:332)
at org.testng.SuiteRunner.run(SuiteRunner.java:276)
at org.testng.SuiteRunnerWorker.runSuite(SuiteRunnerWorker.java:53)
at org.testng.SuiteRunnerWorker.run(SuiteRunnerWorker.java:96)
at org.testng.TestNG.runSuitesSequentially(TestNG.java:1212)
at org.testng.TestNG.runSuitesLocally(TestNG.java:1134)
at org.testng.TestNG.runSuites(TestNG.java:1063)
at org.testng.TestNG.run(TestNG.java:1031)
at org.testng.remote.AbstractRemoteTestNG.run(AbstractRemoteTestNG.java:115)
at org.testng.remote.RemoteTestNG.initAndRun(RemoteTestNG.java:251)
at org.testng.remote.RemoteTestNG.main(RemoteTestNG.java:77)
]]>
            </full-stacktrace>
          </exception> <!-- java.lang.AssertionError -->
          <reporter-output>
            <line>
              <![CDATA[modifyCustomer]]>
            </line>
          </reporter-output>
        </test-method> <!-- modifyCustomer -->
        <test-method status="PASS" signature="logout()[pri:0, instance:com.actitime.testScript1.com.CustomerModule@44c8afef]" name="logout" is-config="true" duration-ms="3323" started-at="2023-03-07T22:01:54 PST" finished-at="2023-03-07T22:01:58 PST">
          <reporter-output>
            <line>
              <![CDATA[logout]]>
            </line>
          </reporter-output>
        </test-method> <!-- logout -->
        <test-method status="PASS" signature="closeBrower()[pri:0, instance:com.actitime.testScript1.com.CustomerModule@44c8afef]" name="closeBrower" is-config="true" duration-ms="387" started-at="2023-03-07T22:01:58 PST" finished-at="2023-03-07T22:01:58 PST">
          <reporter-output>
            <line>
              <![CDATA[closeBrower]]>
            </line>
          </reporter-output>
        </test-method> <!-- closeBrower -->
      </class> <!-- com.actitime.testScript1.com.CustomerModule -->
    </test> <!-- Test -->
  </suite> <!-- Suite -->
</testng-results>
